<?xml version="1.0" encoding="UTF-8"?>
<!-- Generated by org.testng.reporters.JUnitXMLReporter -->
<testsuite hostname="DESKTOP-GEFL1HO" ignored="0" name="Command line test" tests="4" failures="0" timestamp="2021-04-22T17:36:54 IST" time="185.332" errors="0">
  <testcase name="clickOnNewContactsLinkTest" time="6.241" classname="com.qa.crm.testcases.ContactsPageTest"/>
  <testcase name="createNewContactTest" time="4.438" classname="com.qa.crm.testcases.ContactsPageTest"/>
  <testcase name="validateLoginPgeTitleTest" time="0.309" classname="com.qa.crm.testcases.LoginPageTest"/>
  <testcase name="loginTest" time="17.965" classname="com.qa.crm.testcases.LoginPageTest"/>
</testsuite> <!-- Command line test -->
