<?xml version="1.0" encoding="UTF-8"?>
<!-- Generated by org.testng.reporters.JUnitXMLReporter -->
<testsuite hostname="DESKTOP-GEFL1HO" ignored="2" name="Test1" tests="2" failures="0" timestamp="2021-04-15T19:01:01 IST" time="0.164" errors="0">
  <testcase name="test1" time="0.03" classname="classic.TestNG"/>
  <testcase name="test4" time="0.006" classname="classic.TestNG"/>
  <testcase name="test3" time="0.0" classname="classic.TestNG">
    <ignored/>
  </testcase> <!-- test3 -->
  <testcase name="test2" time="0.0" classname="classic.TestNG">
    <ignored/>
  </testcase> <!-- test2 -->
</testsuite> <!-- Test1 -->
